<?xml version="1.0" encoding="UTF-8"?>
<!-- Generated by org.testng.reporters.JUnitXMLReporter -->
<testsuite hostname="DESKTOP-044PKM4" ignored="0" name="Default test" tests="6" failures="0" timestamp="05 Nov 2020 13:07:42 GMT" time="5.571" errors="0">
  <testcase name="enterusernamepsw" time="0.913" classname="com.facebookAutomation.FacebookTask2"/>
  <testcase name="randomlymobileno" time="0.369" classname="com.facebookAutomation.FacebookTask2"/>
  <testcase name="selectdata" time="0.41" classname="com.facebookAutomation.FacebookTask2"/>
  <testcase name="entermonth" time="2.879" classname="com.facebookAutomation.FacebookTask2"/>
  <testcase name="enteryear" time="0.668" classname="com.facebookAutomation.FacebookTask2"/>
  <testcase name="enterradiobtn" time="0.129" classname="com.facebookAutomation.FacebookTask2"/>
</testsuite> <!-- Default test -->
