<?xml version="1.0" encoding="UTF-8"?>
<testng-results skipped="0" failed="0" ignored="0" total="6" passed="6">
  <reporter-output>
  </reporter-output>
  <suite name="Default suite" duration-ms="5571" started-at="2020-11-05T13:07:36Z" finished-at="2020-11-05T13:07:41Z">
    <groups>
    </groups>
    <test name="Default test" duration-ms="5571" started-at="2020-11-05T13:07:36Z" finished-at="2020-11-05T13:07:41Z">
      <class name="com.facebookAutomation.FacebookTask2">
        <test-method status="PASS" signature="enterdredential()[pri:0, instance:com.facebookAutomation.FacebookTask2@11053e1]" name="enterdredential" is-config="true" duration-ms="13445" started-at="2020-11-05T13:07:22Z" finished-at="2020-11-05T13:07:36Z">
          <reporter-output>
          </reporter-output>
        </test-method> <!-- enterdredential -->
        <test-method status="PASS" signature="enterusernamepsw()[pri:1, instance:com.facebookAutomation.FacebookTask2@11053e1]" name="enterusernamepsw" duration-ms="913" started-at="2020-11-05T13:07:36Z" finished-at="2020-11-05T13:07:37Z">
          <reporter-output>
          </reporter-output>
        </test-method> <!-- enterusernamepsw -->
        <test-method status="PASS" signature="randomlymobileno()[pri:2, instance:com.facebookAutomation.FacebookTask2@11053e1]" name="randomlymobileno" duration-ms="369" started-at="2020-11-05T13:07:37Z" finished-at="2020-11-05T13:07:37Z">
          <reporter-output>
          </reporter-output>
        </test-method> <!-- randomlymobileno -->
        <test-method status="PASS" signature="selectdata()[pri:3, instance:com.facebookAutomation.FacebookTask2@11053e1]" name="selectdata" duration-ms="410" started-at="2020-11-05T13:07:37Z" finished-at="2020-11-05T13:07:37Z">
          <reporter-output>
          </reporter-output>
        </test-method> <!-- selectdata -->
        <test-method status="PASS" signature="entermonth()[pri:4, instance:com.facebookAutomation.FacebookTask2@11053e1]" name="entermonth" duration-ms="2879" started-at="2020-11-05T13:07:37Z" finished-at="2020-11-05T13:07:40Z">
          <reporter-output>
          </reporter-output>
        </test-method> <!-- entermonth -->
        <test-method status="PASS" signature="enteryear()[pri:5, instance:com.facebookAutomation.FacebookTask2@11053e1]" name="enteryear" duration-ms="668" started-at="2020-11-05T13:07:40Z" finished-at="2020-11-05T13:07:41Z">
          <reporter-output>
          </reporter-output>
        </test-method> <!-- enteryear -->
        <test-method status="PASS" signature="enterradiobtn()[pri:6, instance:com.facebookAutomation.FacebookTask2@11053e1]" name="enterradiobtn" duration-ms="129" started-at="2020-11-05T13:07:41Z" finished-at="2020-11-05T13:07:41Z">
          <reporter-output>
          </reporter-output>
        </test-method> <!-- enterradiobtn -->
        <test-method status="PASS" signature="endup()[pri:0, instance:com.facebookAutomation.FacebookTask2@11053e1]" name="endup" is-config="true" duration-ms="4233" started-at="2020-11-05T13:07:42Z" finished-at="2020-11-05T13:07:46Z">
          <reporter-output>
          </reporter-output>
        </test-method> <!-- endup -->
      </class> <!-- com.facebookAutomation.FacebookTask2 -->
    </test> <!-- Default test -->
  </suite> <!-- Default suite -->
</testng-results>
