<?xml version="1.0" encoding="UTF-8"?>
<testng-results skipped="0" failed="0" ignored="0" total="1" passed="1">
  <reporter-output>
  </reporter-output>
  <suite name="Default suite" duration-ms="14833" started-at="2020-11-06T13:31:08Z" finished-at="2020-11-06T13:31:23Z">
    <groups>
    </groups>
    <test name="Default test" duration-ms="14833" started-at="2020-11-06T13:31:08Z" finished-at="2020-11-06T13:31:23Z">
      <class name="com.facebookAutomation.FacebookSignupAssignment">
        <test-method status="PASS" signature="initialiseWebEnvironment()[pri:0, instance:com.facebookAutomation.FacebookSignupAssignment@6451e]" name="initialiseWebEnvironment" is-config="true" duration-ms="13189" started-at="2020-11-06T13:31:08Z" finished-at="2020-11-06T13:31:22Z">
          <reporter-output>
          </reporter-output>
        </test-method> <!-- initialiseWebEnvironment -->
        <test-method status="PASS" signature="registerFacebook()[pri:0, instance:com.facebookAutomation.FacebookSignupAssignment@6451e]" name="registerFacebook" duration-ms="1604" started-at="2020-11-06T13:31:22Z" finished-at="2020-11-06T13:31:23Z">
          <reporter-output>
          </reporter-output>
        </test-method> <!-- registerFacebook -->
      </class> <!-- com.facebookAutomation.FacebookSignupAssignment -->
    </test> <!-- Default test -->
  </suite> <!-- Default suite -->
</testng-results>
